Using pre-set license
Built from '2020.3/staging' branch; Version is '2020.3.0f1 (c7b5465681fb) revision 13088070'; Using compiler version '192528614'; Build Type 'Release'
OS: 'Windows 10 Pro; OS build 18363.1440; Version 1909; 64bit' Language: 'fr' Physical Memory: 16324 MB
BatchMode: 1, IsHumanControllingUs: 0, StartBugReporterOnCrash: 0, Is64bit: 1, IsPro: 0

 COMMAND LINE ARGUMENTS:
C:\Program Files\Unity\Hub\Editor\2020.3.0f1\Editor\Unity.exe
-adb2
-batchMode
-noUpm
-name
AssetImportWorker0
-projectPath
C:/Users/lukni/Documents/Programmation/MegafunAmpGame
-logFile
Logs/AssetImportWorker0.log
-srvPort
49391
Successfully changed project path to: C:/Users/lukni/Documents/Programmation/MegafunAmpGame
C:/Users/lukni/Documents/Programmation/MegafunAmpGame
Using Asset Import Pipeline V2.
Refreshing native plugins compatible for Editor in 55.04 ms, found 1 plugins.
Preloading 0 native plugins for Editor in 0.00 ms.
Initialize engine version: 2020.3.0f1 (c7b5465681fb)
[Subsystems] Discovering subsystems at path C:/Program Files/Unity/Hub/Editor/2020.3.0f1/Editor/Data/Resources/UnitySubsystems
[Subsystems] Discovering subsystems at path C:/Users/lukni/Documents/Programmation/MegafunAmpGame/Assets
GfxDevice: creating device client; threaded=0
Direct3D:
    Version:  Direct3D 11.0 [level 11.1]
    Renderer: NVIDIA GeForce RTX 2070 (ID=0x1f02)
    Vendor:   
    VRAM:     8031 MB
    Driver:   27.21.14.6079
Shader 'Universal Render Pipeline/Particles/Lit': fallback shader 'Universal Render Pipeline/Particles/SimpleLit' not found
Initialize mono
Mono path[0] = 'C:/Program Files/Unity/Hub/Editor/2020.3.0f1/Editor/Data/Managed'
Mono path[1] = 'C:/Program Files/Unity/Hub/Editor/2020.3.0f1/Editor/Data/MonoBleedingEdge/lib/mono/unityjit'
Mono config path = 'C:/Program Files/Unity/Hub/Editor/2020.3.0f1/Editor/Data/MonoBleedingEdge/etc'
Using monoOptions --debugger-agent=transport=dt_socket,embedding=1,server=y,suspend=n,address=127.0.0.1:56316
Begin MonoManager ReloadAssembly
Registering precompiled unity dll's ...
Register platform support module: C:/Program Files/Unity/Hub/Editor/2020.3.0f1/Editor/Data/PlaybackEngines/WebGLSupport/UnityEditor.WebGL.Extensions.dll
Register platform support module: C:/Program Files/Unity/Hub/Editor/2020.3.0f1/Editor/Data/PlaybackEngines/WindowsStandaloneSupport/UnityEditor.WindowsStandalone.Extensions.dll
Registered in 0.003536 seconds.
Native extension for WindowsStandalone target not found
Native extension for WebGL target not found
Refreshing native plugins compatible for Editor in 56.79 ms, found 1 plugins.
Preloading 0 native plugins for Editor in 0.00 ms.
Invoked RoslynAnalysisRunner static constructor.
RoslynAnalysisRunner will not be running.
RoslynAnalysisRunner has terminated.
Mono: successfully reloaded assembly
- Completed reload, in  1.431 seconds
Platform modules already initialized, skipping
Registering precompiled user dll's ...
Registered in 0.002294 seconds.
Begin MonoManager ReloadAssembly
Native extension for WindowsStandalone target not found
Native extension for WebGL target not found
Refreshing native plugins compatible for Editor in 58.96 ms, found 1 plugins.
Preloading 0 native plugins for Editor in 0.00 ms.
Invoked RoslynAnalysisRunner static constructor.
RoslynAnalysisRunner will not be running.
RoslynAnalysisRunner has terminated.
Mono: successfully reloaded assembly
- Completed reload, in  1.220 seconds
Platform modules already initialized, skipping
========================================================================
Worker process is ready to serve import requests
Shader 'Universal Render Pipeline/Particles/Lit': fallback shader 'Universal Render Pipeline/Particles/SimpleLit' not found
Launched and connected shader compiler UnityShaderCompiler.exe after 0.09 seconds
Refreshing native plugins compatible for Editor in 0.62 ms, found 1 plugins.
Preloading 0 native plugins for Editor in 0.00 ms.
Unloading 3113 Unused Serialized files (Serialized files now loaded: 0)
System memory in use before: 146.2 MB.
System memory in use after: 146.3 MB.

Unloading 25 unused Assets to reduce memory usage. Loaded Objects now: 3573.
Total: 6.321700 ms (FindLiveObjects: 0.688600 ms CreateObjectMapping: 0.427300 ms MarkObjects: 4.974000 ms  DeleteObjects: 0.230000 ms)

========================================================================
Received Import Request.
  path: Assets/Audio/SFX/PigScream.ogg
  artifactKey: Guid(7bd723f3d153f6e4fb75550636f47800) Importer(815301076,1909f56bfc062723c751e8b465ee728b)
Start importing Assets/Audio/SFX/PigScream.ogg using Guid(7bd723f3d153f6e4fb75550636f47800) Importer(815301076,1909f56bfc062723c751e8b465ee728b)  -> (artifact id: '0c7dec09b8f15d85963d3a36d2e87043') in 0.275882 seconds
  Import took 0.283862 seconds .

========================================================================
Received Import Request.
  Time since last request: 0.000215 seconds.
  path: Assets/Audio/SFX
  artifactKey: Guid(dcd3ec24783ca094387fbeea8c37df26) Importer(815301076,1909f56bfc062723c751e8b465ee728b)
Start importing Assets/Audio/SFX using Guid(dcd3ec24783ca094387fbeea8c37df26) Importer(815301076,1909f56bfc062723c751e8b465ee728b)  -> (artifact id: 'cba0259c1455267f8e56d317ea57ed66') in 0.008661 seconds
  Import took 0.015103 seconds .

========================================================================
Received Import Request.
  Time since last request: 8.491382 seconds.
  path: Assets/Audio/SFX/AC_PigScream.ogg
  artifactKey: Guid(7bd723f3d153f6e4fb75550636f47800) Importer(815301076,1909f56bfc062723c751e8b465ee728b)
Start importing Assets/Audio/SFX/AC_PigScream.ogg using Guid(7bd723f3d153f6e4fb75550636f47800) Importer(815301076,1909f56bfc062723c751e8b465ee728b)  -> (artifact id: '03d42a217ec81d3ca312f68d27f44934') in 0.019112 seconds
  Import took 0.025423 seconds .

========================================================================
Received Prepare
Registering precompiled user dll's ...
Registered in 0.002362 seconds.
Begin MonoManager ReloadAssembly
Native extension for WindowsStandalone target not found
Native extension for WebGL target not found
Refreshing native plugins compatible for Editor in 1.07 ms, found 1 plugins.
Preloading 0 native plugins for Editor in 0.00 ms.
Invoked RoslynAnalysisRunner static constructor.
RoslynAnalysisRunner will not be running.
RoslynAnalysisRunner has terminated.
Mono: successfully reloaded assembly
- Completed reload, in  1.241 seconds
Platform modules already initialized, skipping
Shader 'Universal Render Pipeline/Particles/Lit': fallback shader 'Universal Render Pipeline/Particles/SimpleLit' not found
Refreshing native plugins compatible for Editor in 0.83 ms, found 1 plugins.
Preloading 0 native plugins for Editor in 0.00 ms.
Unloading 3000 Unused Serialized files (Serialized files now loaded: 0)
System memory in use before: 143.1 MB.
System memory in use after: 143.2 MB.

Unloading 13 unused Assets to reduce memory usage. Loaded Objects now: 3586.
Total: 5.448300 ms (FindLiveObjects: 0.593900 ms CreateObjectMapping: 0.349000 ms MarkObjects: 4.373900 ms  DeleteObjects: 0.130100 ms)

========================================================================
Received Prepare
Registering precompiled user dll's ...
Registered in 0.002364 seconds.
Begin MonoManager ReloadAssembly
Native extension for WindowsStandalone target not found
Native extension for WebGL target not found
Refreshing native plugins compatible for Editor in 0.67 ms, found 1 plugins.
Preloading 0 native plugins for Editor in 0.00 ms.
Invoked RoslynAnalysisRunner static constructor.
RoslynAnalysisRunner will not be running.
RoslynAnalysisRunner has terminated.
Mono: successfully reloaded assembly
- Completed reload, in  1.161 seconds
Platform modules already initialized, skipping
Shader 'Universal Render Pipeline/Particles/Lit': fallback shader 'Universal Render Pipeline/Particles/SimpleLit' not found
Refreshing native plugins compatible for Editor in 0.77 ms, found 1 plugins.
Preloading 0 native plugins for Editor in 0.00 ms.
Unloading 3000 Unused Serialized files (Serialized files now loaded: 0)
System memory in use before: 143.1 MB.
System memory in use after: 143.3 MB.

Unloading 13 unused Assets to reduce memory usage. Loaded Objects now: 3590.
Total: 4.643600 ms (FindLiveObjects: 0.458000 ms CreateObjectMapping: 0.303200 ms MarkObjects: 3.719600 ms  DeleteObjects: 0.160100 ms)

========================================================================
Received Prepare
Registering precompiled user dll's ...
Registered in 0.002261 seconds.
Begin MonoManager ReloadAssembly
Native extension for WindowsStandalone target not found
Native extension for WebGL target not found
Refreshing native plugins compatible for Editor in 0.79 ms, found 1 plugins.
Preloading 0 native plugins for Editor in 0.00 ms.
Invoked RoslynAnalysisRunner static constructor.
RoslynAnalysisRunner will not be running.
RoslynAnalysisRunner has terminated.
Mono: successfully reloaded assembly
- Completed reload, in  1.137 seconds
Platform modules already initialized, skipping
Shader 'Universal Render Pipeline/Particles/Lit': fallback shader 'Universal Render Pipeline/Particles/SimpleLit' not found
Refreshing native plugins compatible for Editor in 0.84 ms, found 1 plugins.
Preloading 0 native plugins for Editor in 0.00 ms.
Unloading 3000 Unused Serialized files (Serialized files now loaded: 0)
System memory in use before: 143.2 MB.
System memory in use after: 143.3 MB.

Unloading 13 unused Assets to reduce memory usage. Loaded Objects now: 3594.
Total: 6.360500 ms (FindLiveObjects: 0.449200 ms CreateObjectMapping: 0.322200 ms MarkObjects: 5.409700 ms  DeleteObjects: 0.177300 ms)

========================================================================
Received Import Request.
  Time since last request: 5683.737337 seconds.
  path: Assets/Sprite/Font
  artifactKey: Guid(834e9f93c9fe2b14b80b9485f405fe89) Importer(815301076,1909f56bfc062723c751e8b465ee728b)
Start importing Assets/Sprite/Font using Guid(834e9f93c9fe2b14b80b9485f405fe89) Importer(815301076,1909f56bfc062723c751e8b465ee728b)  -> (artifact id: 'b62d13285a204b72df0abcfd745696f8') in 0.080716 seconds
  Import took 0.168074 seconds .

========================================================================
Received Import Request.
  Time since last request: 0.665916 seconds.
  path: Assets/Sprite/Font/MainTitle
  artifactKey: Guid(bdbdee97992013e41b45b7a6a763000f) Importer(815301076,1909f56bfc062723c751e8b465ee728b)
Start importing Assets/Sprite/Font/MainTitle using Guid(bdbdee97992013e41b45b7a6a763000f) Importer(815301076,1909f56bfc062723c751e8b465ee728b)  -> (artifact id: '31131a6248465b6c2a39c6d59f2cb0be') in 0.008681 seconds
  Import took 0.015940 seconds .

========================================================================
Received Import Request.
  Time since last request: 0.018516 seconds.
  path: Assets/Sprite/Font/MainTitle/SP_P.png
  artifactKey: Guid(a9d842b6dca43b2469b1901b0bf76633) Importer(815301076,1909f56bfc062723c751e8b465ee728b)
Start importing Assets/Sprite/Font/MainTitle/SP_P.png using Guid(a9d842b6dca43b2469b1901b0bf76633) Importer(815301076,1909f56bfc062723c751e8b465ee728b)  -> (artifact id: 'cf90024ecee13311b60e634f7346900f') in 0.192269 seconds
  Import took 0.200875 seconds .

========================================================================
Received Import Request.
  Time since last request: 0.000206 seconds.
  path: Assets/Sprite/Font/MainTitle/SP_P_white.png
  artifactKey: Guid(51ab9c4c33a2fdd42befc8fa2f052d14) Importer(815301076,1909f56bfc062723c751e8b465ee728b)
Start importing Assets/Sprite/Font/MainTitle/SP_P_white.png using Guid(51ab9c4c33a2fdd42befc8fa2f052d14) Importer(815301076,1909f56bfc062723c751e8b465ee728b)  -> (artifact id: '4b3b242312d8c6fb76b912341a93f055') in 0.029629 seconds
  Import took 0.035501 seconds .

========================================================================
Received Import Request.
  Time since last request: 0.000271 seconds.
  path: Assets/Sprite/Font/MainTitle/SP_Y_white.png
  artifactKey: Guid(a19adf03c79d3cc4fbd3a020cbe536d7) Importer(815301076,1909f56bfc062723c751e8b465ee728b)
Start importing Assets/Sprite/Font/MainTitle/SP_Y_white.png using Guid(a19adf03c79d3cc4fbd3a020cbe536d7) Importer(815301076,1909f56bfc062723c751e8b465ee728b)  -> (artifact id: 'a9636c7ca2c325657f682511f1bf281a') in 0.030656 seconds
  Import took 0.036559 seconds .

========================================================================
Received Import Request.
  Time since last request: 0.000203 seconds.
  path: Assets/Sprite/Font/MainTitle/SP_Y_blood.png
  artifactKey: Guid(777be7ec20015d94398e29dca22bd042) Importer(815301076,1909f56bfc062723c751e8b465ee728b)
Start importing Assets/Sprite/Font/MainTitle/SP_Y_blood.png using Guid(777be7ec20015d94398e29dca22bd042) Importer(815301076,1909f56bfc062723c751e8b465ee728b)  -> (artifact id: 'e73d54fd45afecfadcb9dc7ed85ad1f2') in 0.038821 seconds
  Import took 0.043723 seconds .

========================================================================
Received Import Request.
  Time since last request: 0.000218 seconds.
  path: Assets/Sprite/Font/MainTitle/SP_Y.png
  artifactKey: Guid(7696596821026144b8781e6a9fdd474d) Importer(815301076,1909f56bfc062723c751e8b465ee728b)
Start importing Assets/Sprite/Font/MainTitle/SP_Y.png using Guid(7696596821026144b8781e6a9fdd474d) Importer(815301076,1909f56bfc062723c751e8b465ee728b)  -> (artifact id: 'ad7b3858633a47ca0a06d07fb0d4941a') in 0.027060 seconds
  Import took 0.031698 seconds .

========================================================================
Received Import Request.
  Time since last request: 5.716159 seconds.
  path: Assets/Sprite/Backgrounds
  artifactKey: Guid(b27eac8bd944f624ca61d5b24b2d5d0e) Importer(815301076,1909f56bfc062723c751e8b465ee728b)
Start importing Assets/Sprite/Backgrounds using Guid(b27eac8bd944f624ca61d5b24b2d5d0e) Importer(815301076,1909f56bfc062723c751e8b465ee728b)  -> (artifact id: '8953fd738a228621eb9f39d8fdf9d589') in 0.008588 seconds
  Import took 0.014966 seconds .

========================================================================
Received Import Request.
  Time since last request: 0.012182 seconds.
  path: Assets/Sprite/Backgrounds/TitleBackground.png
  artifactKey: Guid(299a46a997b94d348a09701e04923444) Importer(815301076,1909f56bfc062723c751e8b465ee728b)
Start importing Assets/Sprite/Backgrounds/TitleBackground.png using Guid(299a46a997b94d348a09701e04923444) Importer(815301076,1909f56bfc062723c751e8b465ee728b)  -> (artifact id: '66253c5fab358a5d85154f81da1e54dd') in 0.050311 seconds
  Import took 0.056242 seconds .

========================================================================
Received Prepare
Registering precompiled user dll's ...
Registered in 0.001967 seconds.
Begin MonoManager ReloadAssembly
Native extension for WindowsStandalone target not found
Native extension for WebGL target not found
Refreshing native plugins compatible for Editor in 0.61 ms, found 1 plugins.
Preloading 0 native plugins for Editor in 0.00 ms.
Invoked RoslynAnalysisRunner static constructor.
RoslynAnalysisRunner will not be running.
RoslynAnalysisRunner has terminated.
Mono: successfully reloaded assembly
- Completed reload, in  1.008 seconds
Platform modules already initialized, skipping
Shader 'Universal Render Pipeline/Particles/Lit': fallback shader 'Universal Render Pipeline/Particles/SimpleLit' not found
Refreshing native plugins compatible for Editor in 0.66 ms, found 1 plugins.
Preloading 0 native plugins for Editor in 0.00 ms.
Unloading 3000 Unused Serialized files (Serialized files now loaded: 0)
System memory in use before: 143.2 MB.
System memory in use after: 143.3 MB.

Unloading 13 unused Assets to reduce memory usage. Loaded Objects now: 3605.
Total: 3.167000 ms (FindLiveObjects: 0.363900 ms CreateObjectMapping: 0.267300 ms MarkObjects: 2.406300 ms  DeleteObjects: 0.128500 ms)

========================================================================
Received Prepare
Registering precompiled user dll's ...
Registered in 0.002731 seconds.
Begin MonoManager ReloadAssembly
Native extension for WindowsStandalone target not found
Native extension for WebGL target not found
Refreshing native plugins compatible for Editor in 0.62 ms, found 1 plugins.
Preloading 0 native plugins for Editor in 0.00 ms.
Invoked RoslynAnalysisRunner static constructor.
RoslynAnalysisRunner will not be running.
RoslynAnalysisRunner has terminated.
Mono: successfully reloaded assembly
- Completed reload, in  0.916 seconds
Platform modules already initialized, skipping
Shader 'Universal Render Pipeline/Particles/Lit': fallback shader 'Universal Render Pipeline/Particles/SimpleLit' not found
Refreshing native plugins compatible for Editor in 0.56 ms, found 1 plugins.
Preloading 0 native plugins for Editor in 0.00 ms.
Unloading 3000 Unused Serialized files (Serialized files now loaded: 0)
System memory in use before: 143.2 MB.
System memory in use after: 143.4 MB.

Unloading 13 unused Assets to reduce memory usage. Loaded Objects now: 3609.
Total: 3.212100 ms (FindLiveObjects: 0.374600 ms CreateObjectMapping: 0.277900 ms MarkObjects: 2.420400 ms  DeleteObjects: 0.138100 ms)

========================================================================
Received Prepare
Registering precompiled user dll's ...
Registered in 0.001829 seconds.
Begin MonoManager ReloadAssembly
Native extension for WindowsStandalone target not found
Native extension for WebGL target not found
Refreshing native plugins compatible for Editor in 0.54 ms, found 1 plugins.
Preloading 0 native plugins for Editor in 0.00 ms.
Invoked RoslynAnalysisRunner static constructor.
RoslynAnalysisRunner will not be running.
RoslynAnalysisRunner has terminated.
Mono: successfully reloaded assembly
- Completed reload, in  0.885 seconds
Platform modules already initialized, skipping
Shader 'Universal Render Pipeline/Particles/Lit': fallback shader 'Universal Render Pipeline/Particles/SimpleLit' not found
Refreshing native plugins compatible for Editor in 0.68 ms, found 1 plugins.
Preloading 0 native plugins for Editor in 0.00 ms.
Unloading 3000 Unused Serialized files (Serialized files now loaded: 0)
System memory in use before: 143.2 MB.
System memory in use after: 143.4 MB.

Unloading 13 unused Assets to reduce memory usage. Loaded Objects now: 3613.
Total: 3.329900 ms (FindLiveObjects: 0.415000 ms CreateObjectMapping: 0.296400 ms MarkObjects: 2.508700 ms  DeleteObjects: 0.108900 ms)

========================================================================
Received Prepare
Registering precompiled user dll's ...
Registered in 0.001798 seconds.
Begin MonoManager ReloadAssembly
Native extension for WindowsStandalone target not found
Native extension for WebGL target not found
Refreshing native plugins compatible for Editor in 0.65 ms, found 1 plugins.
Preloading 0 native plugins for Editor in 0.00 ms.
Invoked RoslynAnalysisRunner static constructor.
RoslynAnalysisRunner will not be running.
RoslynAnalysisRunner has terminated.
Mono: successfully reloaded assembly
- Completed reload, in  0.986 seconds
Platform modules already initialized, skipping
Shader 'Universal Render Pipeline/Particles/Lit': fallback shader 'Universal Render Pipeline/Particles/SimpleLit' not found
Refreshing native plugins compatible for Editor in 0.57 ms, found 1 plugins.
Preloading 0 native plugins for Editor in 0.00 ms.
Unloading 3000 Unused Serialized files (Serialized files now loaded: 0)
System memory in use before: 143.2 MB.
System memory in use after: 143.4 MB.

Unloading 13 unused Assets to reduce memory usage. Loaded Objects now: 3617.
Total: 3.411000 ms (FindLiveObjects: 0.556200 ms CreateObjectMapping: 0.382600 ms MarkObjects: 2.337000 ms  DeleteObjects: 0.133600 ms)

========================================================================
Received Prepare
Registering precompiled user dll's ...
Registered in 0.002066 seconds.
Begin MonoManager ReloadAssembly
Native extension for WindowsStandalone target not found
Native extension for WebGL target not found
Refreshing native plugins compatible for Editor in 0.57 ms, found 1 plugins.
Preloading 0 native plugins for Editor in 0.00 ms.
Invoked RoslynAnalysisRunner static constructor.
RoslynAnalysisRunner will not be running.
RoslynAnalysisRunner has terminated.
Mono: successfully reloaded assembly
- Completed reload, in  0.899 seconds
Platform modules already initialized, skipping
Shader 'Universal Render Pipeline/Particles/Lit': fallback shader 'Universal Render Pipeline/Particles/SimpleLit' not found
Refreshing native plugins compatible for Editor in 0.57 ms, found 1 plugins.
Preloading 0 native plugins for Editor in 0.00 ms.
Unloading 3000 Unused Serialized files (Serialized files now loaded: 0)
System memory in use before: 143.3 MB.
System memory in use after: 143.4 MB.

Unloading 13 unused Assets to reduce memory usage. Loaded Objects now: 3621.
Total: 3.531300 ms (FindLiveObjects: 0.403000 ms CreateObjectMapping: 0.269200 ms MarkObjects: 2.707900 ms  DeleteObjects: 0.150500 ms)

========================================================================
Received Prepare
Registering precompiled user dll's ...
Registered in 0.001971 seconds.
Begin MonoManager ReloadAssembly
Native extension for WindowsStandalone target not found
Native extension for WebGL target not found
Refreshing native plugins compatible for Editor in 0.64 ms, found 1 plugins.
Preloading 0 native plugins for Editor in 0.00 ms.
Invoked RoslynAnalysisRunner static constructor.
RoslynAnalysisRunner will not be running.
RoslynAnalysisRunner has terminated.
Mono: successfully reloaded assembly
- Completed reload, in  0.884 seconds
Platform modules already initialized, skipping
Shader 'Universal Render Pipeline/Particles/Lit': fallback shader 'Universal Render Pipeline/Particles/SimpleLit' not found
Refreshing native plugins compatible for Editor in 0.65 ms, found 1 plugins.
Preloading 0 native plugins for Editor in 0.00 ms.
Unloading 3000 Unused Serialized files (Serialized files now loaded: 0)
System memory in use before: 143.3 MB.
System memory in use after: 143.4 MB.

Unloading 13 unused Assets to reduce memory usage. Loaded Objects now: 3625.
Total: 3.165700 ms (FindLiveObjects: 0.390000 ms CreateObjectMapping: 0.267100 ms MarkObjects: 2.390000 ms  DeleteObjects: 0.117700 ms)

========================================================================
Received Prepare
Registering precompiled user dll's ...
Registered in 0.001930 seconds.
Begin MonoManager ReloadAssembly
Native extension for WindowsStandalone target not found
Native extension for WebGL target not found
Refreshing native plugins compatible for Editor in 0.66 ms, found 1 plugins.
Preloading 0 native plugins for Editor in 0.00 ms.
Invoked RoslynAnalysisRunner static constructor.
RoslynAnalysisRunner will not be running.
RoslynAnalysisRunner has terminated.
Mono: successfully reloaded assembly
- Completed reload, in  0.964 seconds
Platform modules already initialized, skipping
Shader 'Universal Render Pipeline/Particles/Lit': fallback shader 'Universal Render Pipeline/Particles/SimpleLit' not found
Refreshing native plugins compatible for Editor in 0.57 ms, found 1 plugins.
Preloading 0 native plugins for Editor in 0.00 ms.
Unloading 3000 Unused Serialized files (Serialized files now loaded: 0)
System memory in use before: 143.3 MB.
System memory in use after: 143.4 MB.

Unloading 13 unused Assets to reduce memory usage. Loaded Objects now: 3629.
Total: 3.618800 ms (FindLiveObjects: 0.575800 ms CreateObjectMapping: 0.310600 ms MarkObjects: 2.610900 ms  DeleteObjects: 0.119800 ms)

========================================================================
Received Prepare
Registering precompiled user dll's ...
Registered in 0.001986 seconds.
Begin MonoManager ReloadAssembly
Native extension for WindowsStandalone target not found
Native extension for WebGL target not found
Refreshing native plugins compatible for Editor in 0.59 ms, found 1 plugins.
Preloading 0 native plugins for Editor in 0.00 ms.
Invoked RoslynAnalysisRunner static constructor.
RoslynAnalysisRunner will not be running.
RoslynAnalysisRunner has terminated.
Mono: successfully reloaded assembly
- Completed reload, in  0.901 seconds
Platform modules already initialized, skipping
Shader 'Universal Render Pipeline/Particles/Lit': fallback shader 'Universal Render Pipeline/Particles/SimpleLit' not found
Refreshing native plugins compatible for Editor in 0.58 ms, found 1 plugins.
Preloading 0 native plugins for Editor in 0.00 ms.
Unloading 3000 Unused Serialized files (Serialized files now loaded: 0)
System memory in use before: 143.3 MB.
System memory in use after: 143.4 MB.

Unloading 13 unused Assets to reduce memory usage. Loaded Objects now: 3633.
Total: 2.793800 ms (FindLiveObjects: 0.411900 ms CreateObjectMapping: 0.126600 ms MarkObjects: 2.104700 ms  DeleteObjects: 0.149500 ms)

