Using pre-set license
Built from '2020.3/staging' branch; Version is '2020.3.0f1 (c7b5465681fb) revision 13088070'; Using compiler version '192528614'; Build Type 'Release'
OS: 'Windows 10 Pro; OS build 18363.1440; Version 1909; 64bit' Language: 'fr' Physical Memory: 16324 MB
BatchMode: 1, IsHumanControllingUs: 0, StartBugReporterOnCrash: 0, Is64bit: 1, IsPro: 0

 COMMAND LINE ARGUMENTS:
C:\Program Files\Unity\Hub\Editor\2020.3.0f1\Editor\Unity.exe
-adb2
-batchMode
-noUpm
-name
AssetImportWorker0
-projectPath
C:/Users/lukni/Documents/Programmation/MegafunAmpGame
-logFile
Logs/AssetImportWorker0.log
-srvPort
62291
Successfully changed project path to: C:/Users/lukni/Documents/Programmation/MegafunAmpGame
C:/Users/lukni/Documents/Programmation/MegafunAmpGame
Using Asset Import Pipeline V2.
Refreshing native plugins compatible for Editor in 31.66 ms, found 1 plugins.
Preloading 0 native plugins for Editor in 0.00 ms.
Initialize engine version: 2020.3.0f1 (c7b5465681fb)
[Subsystems] Discovering subsystems at path C:/Program Files/Unity/Hub/Editor/2020.3.0f1/Editor/Data/Resources/UnitySubsystems
[Subsystems] Discovering subsystems at path C:/Users/lukni/Documents/Programmation/MegafunAmpGame/Assets
GfxDevice: creating device client; threaded=0
Direct3D:
    Version:  Direct3D 11.0 [level 11.1]
    Renderer: NVIDIA GeForce RTX 2070 (ID=0x1f02)
    Vendor:   
    VRAM:     8031 MB
    Driver:   27.21.14.6079
Initialize mono
Mono path[0] = 'C:/Program Files/Unity/Hub/Editor/2020.3.0f1/Editor/Data/Managed'
Mono path[1] = 'C:/Program Files/Unity/Hub/Editor/2020.3.0f1/Editor/Data/MonoBleedingEdge/lib/mono/unityjit'
Mono config path = 'C:/Program Files/Unity/Hub/Editor/2020.3.0f1/Editor/Data/MonoBleedingEdge/etc'
Using monoOptions --debugger-agent=transport=dt_socket,embedding=1,server=y,suspend=n,address=127.0.0.1:56212
Begin MonoManager ReloadAssembly
Registering precompiled unity dll's ...
Register platform support module: C:/Program Files/Unity/Hub/Editor/2020.3.0f1/Editor/Data/PlaybackEngines/WindowsStandaloneSupport/UnityEditor.WindowsStandalone.Extensions.dll
Registered in 0.002564 seconds.
Native extension for WindowsStandalone target not found
Refreshing native plugins compatible for Editor in 30.62 ms, found 1 plugins.
Preloading 0 native plugins for Editor in 0.00 ms.
Invoked RoslynAnalysisRunner static constructor.
RoslynAnalysisRunner will not be running.
RoslynAnalysisRunner has terminated.
Mono: successfully reloaded assembly
- Completed reload, in  0.973 seconds
Platform modules already initialized, skipping
Registering precompiled user dll's ...
Registered in 0.001040 seconds.
Begin MonoManager ReloadAssembly
Native extension for WindowsStandalone target not found
Refreshing native plugins compatible for Editor in 30.20 ms, found 1 plugins.
Preloading 0 native plugins for Editor in 0.00 ms.
Invoked RoslynAnalysisRunner static constructor.
RoslynAnalysisRunner will not be running.
RoslynAnalysisRunner has terminated.
Mono: successfully reloaded assembly
- Completed reload, in  0.870 seconds
Platform modules already initialized, skipping
========================================================================
Worker process is ready to serve import requests
Launched and connected shader compiler UnityShaderCompiler.exe after 0.06 seconds
Refreshing native plugins compatible for Editor in 0.34 ms, found 1 plugins.
Preloading 0 native plugins for Editor in 0.00 ms.
Unloading 1806 Unused Serialized files (Serialized files now loaded: 0)
System memory in use before: 84.5 MB.
System memory in use after: 84.5 MB.

Unloading 24 unused Assets to reduce memory usage. Loaded Objects now: 2248.
Total: 2.632200 ms (FindLiveObjects: 0.166600 ms CreateObjectMapping: 0.063000 ms MarkObjects: 2.220100 ms  DeleteObjects: 0.181800 ms)

========================================================================
Received Import Request.
  path: Assets/Scenes/Dev
  artifactKey: Guid(d4ac216a2be46ad418023068552903af) Importer(815301076,1909f56bfc062723c751e8b465ee728b)
Start importing Assets/Scenes/Dev using Guid(d4ac216a2be46ad418023068552903af) Importer(815301076,1909f56bfc062723c751e8b465ee728b)  -> (artifact id: 'd428b5f28458f252b708758995643319') in 0.011351 seconds
  Import took 0.014236 seconds .

========================================================================
Received Import Request.
  Time since last request: 9.969433 seconds.
  path: Assets/Scenes/Dev/Lukas.unity
  artifactKey: Guid(f5f5860ac914b0d48a5b6f0f55fe3a96) Importer(815301076,1909f56bfc062723c751e8b465ee728b)
Start importing Assets/Scenes/Dev/Lukas.unity using Guid(f5f5860ac914b0d48a5b6f0f55fe3a96) Importer(815301076,1909f56bfc062723c751e8b465ee728b)  -> (artifact id: 'a52663a20fba9a8c6ee3aff484c1ed2a') in 0.013405 seconds
  Import took 0.018387 seconds .

========================================================================
Received Import Request.
  Time since last request: 25.023277 seconds.
  path: Assets/Scenes/Dev/New Scene.unity
  artifactKey: Guid(97f345de723905b479b0debe192417dc) Importer(815301076,1909f56bfc062723c751e8b465ee728b)
Start importing Assets/Scenes/Dev/New Scene.unity using Guid(97f345de723905b479b0debe192417dc) Importer(815301076,1909f56bfc062723c751e8b465ee728b)  -> (artifact id: '7a742d2c2f3d6c819fc53289418e880d') in 0.007919 seconds
  Import took 0.013125 seconds .

========================================================================
Received Import Request.
  Time since last request: 6.366209 seconds.
  path: Assets/Scenes/Dev/Kathryn.unity
  artifactKey: Guid(97f345de723905b479b0debe192417dc) Importer(815301076,1909f56bfc062723c751e8b465ee728b)
Start importing Assets/Scenes/Dev/Kathryn.unity using Guid(97f345de723905b479b0debe192417dc) Importer(815301076,1909f56bfc062723c751e8b465ee728b)  -> (artifact id: '87ae3945cdb8dac37b222212c5c65db5') in 0.008044 seconds
  Import took 0.011815 seconds .

========================================================================
Received Import Request.
  Time since last request: 0.000371 seconds.
  path: Assets/Scenes/Dev/Kathryn.unity
  artifactKey: Guid(97f345de723905b479b0debe192417dc) Importer(815301076,1909f56bfc062723c751e8b465ee728b)
Start importing Assets/Scenes/Dev/Kathryn.unity using Guid(97f345de723905b479b0debe192417dc) Importer(815301076,1909f56bfc062723c751e8b465ee728b)  -> (artifact id: '87ae3945cdb8dac37b222212c5c65db5') in 0.003346 seconds
  Import took 0.006388 seconds .

========================================================================
Received Import Request.
  Time since last request: 15.594226 seconds.
  path: Assets/Scenes/Dev/Claire.unity
  artifactKey: Guid(dd2eac1eb36bb8f48b73ac55e4bad6dc) Importer(815301076,1909f56bfc062723c751e8b465ee728b)
Start importing Assets/Scenes/Dev/Claire.unity using Guid(dd2eac1eb36bb8f48b73ac55e4bad6dc) Importer(815301076,1909f56bfc062723c751e8b465ee728b)  -> (artifact id: '7382904e3b063eab63f71257869b6530') in 0.008586 seconds
  Import took 0.013350 seconds .

========================================================================
Received Import Request.
  Time since last request: 0.000627 seconds.
  path: Assets/Scenes/Dev/Claire.unity
  artifactKey: Guid(dd2eac1eb36bb8f48b73ac55e4bad6dc) Importer(815301076,1909f56bfc062723c751e8b465ee728b)
Start importing Assets/Scenes/Dev/Claire.unity using Guid(dd2eac1eb36bb8f48b73ac55e4bad6dc) Importer(815301076,1909f56bfc062723c751e8b465ee728b)  -> (artifact id: '7382904e3b063eab63f71257869b6530') in 0.003223 seconds
  Import took 0.005956 seconds .

========================================================================
Received Import Request.
  Time since last request: 10.110924 seconds.
  path: Assets/Scenes/Dev/Mouhamadou.unity
  artifactKey: Guid(579fd1f37426db540a5f981fccebe898) Importer(815301076,1909f56bfc062723c751e8b465ee728b)
Start importing Assets/Scenes/Dev/Mouhamadou.unity using Guid(579fd1f37426db540a5f981fccebe898) Importer(815301076,1909f56bfc062723c751e8b465ee728b)  -> (artifact id: 'c5711adf72308bbe9dba4af53941de3e') in 0.007673 seconds
  Import took 0.011103 seconds .

========================================================================
Received Import Request.
  Time since last request: 0.000626 seconds.
  path: Assets/Scenes/Dev/Mouhamadou.unity
  artifactKey: Guid(579fd1f37426db540a5f981fccebe898) Importer(815301076,1909f56bfc062723c751e8b465ee728b)
Start importing Assets/Scenes/Dev/Mouhamadou.unity using Guid(579fd1f37426db540a5f981fccebe898) Importer(815301076,1909f56bfc062723c751e8b465ee728b)  -> (artifact id: 'c5711adf72308bbe9dba4af53941de3e') in 0.003417 seconds
  Import took 0.006448 seconds .

========================================================================
Received Import Request.
  Time since last request: 11.545679 seconds.
  path: Assets
  artifactKey: Guid(00000000000000001000000000000000) Importer(815301076,1909f56bfc062723c751e8b465ee728b)
Start importing Assets using Guid(00000000000000001000000000000000) Importer(815301076,1909f56bfc062723c751e8b465ee728b)  -> (artifact id: '42baae205c97e3337697759514652acd') in 0.007146 seconds
  Import took 0.010071 seconds .

========================================================================
Received Import Request.
  Time since last request: 5.272034 seconds.
  path: Assets/Scruipts
  artifactKey: Guid(4bf54d61ba67964499f814bbef571328) Importer(815301076,1909f56bfc062723c751e8b465ee728b)
Start importing Assets/Scruipts using Guid(4bf54d61ba67964499f814bbef571328) Importer(815301076,1909f56bfc062723c751e8b465ee728b)  -> (artifact id: '8494a2ca23fbd3a0abf64b05e16e7038') in 0.007791 seconds
  Import took 0.010883 seconds .

========================================================================
Received Import Request.
  Time since last request: 4.212476 seconds.
  path: Assets/Scripts
  artifactKey: Guid(4bf54d61ba67964499f814bbef571328) Importer(815301076,1909f56bfc062723c751e8b465ee728b)
Start importing Assets/Scripts using Guid(4bf54d61ba67964499f814bbef571328) Importer(815301076,1909f56bfc062723c751e8b465ee728b)  -> (artifact id: 'c9decab8980cf8068d5f5730d8e29a55') in 0.008163 seconds
  Import took 0.012096 seconds .

========================================================================
Received Import Request.
  Time since last request: 0.000812 seconds.
  path: Assets/Scripts
  artifactKey: Guid(4bf54d61ba67964499f814bbef571328) Importer(815301076,1909f56bfc062723c751e8b465ee728b)
Start importing Assets/Scripts using Guid(4bf54d61ba67964499f814bbef571328) Importer(815301076,1909f56bfc062723c751e8b465ee728b)  -> (artifact id: 'c9decab8980cf8068d5f5730d8e29a55') in 0.003809 seconds
  Import took 0.006540 seconds .

========================================================================
Received Import Request.
  Time since last request: 8.810654 seconds.
  path: Assets/Scripts/Managers
  artifactKey: Guid(bf5dd772840c08f4d926c4a5099ed06a) Importer(815301076,1909f56bfc062723c751e8b465ee728b)
Start importing Assets/Scripts/Managers using Guid(bf5dd772840c08f4d926c4a5099ed06a) Importer(815301076,1909f56bfc062723c751e8b465ee728b)  -> (artifact id: 'cd36ca2b6d6415c97b842bcc8e7db6b0') in 0.007304 seconds
  Import took 0.010437 seconds .

========================================================================
Received Import Request.
  Time since last request: 5.307854 seconds.
  path: Assets/Scripts/Managers/GameMgr.cs
  artifactKey: Guid(7ef5c29a92331e248b41019583f2b7b9) Importer(815301076,1909f56bfc062723c751e8b465ee728b)
Start importing Assets/Scripts/Managers/GameMgr.cs using Guid(7ef5c29a92331e248b41019583f2b7b9) Importer(815301076,1909f56bfc062723c751e8b465ee728b)  -> (artifact id: '79afab6567f225bc99fcbf17a0bc7463') in 0.034119 seconds
  Import took 0.037254 seconds .

========================================================================
Received Import Request.
  Time since last request: 0.077828 seconds.
  path: Assets/Scripts/Managers/GameMgr.cs
  artifactKey: Guid(7ef5c29a92331e248b41019583f2b7b9) Importer(815301076,1909f56bfc062723c751e8b465ee728b)
Start importing Assets/Scripts/Managers/GameMgr.cs using Guid(7ef5c29a92331e248b41019583f2b7b9) Importer(815301076,1909f56bfc062723c751e8b465ee728b)  -> (artifact id: '79afab6567f225bc99fcbf17a0bc7463') in 0.003900 seconds
  Import took 0.006815 seconds .

========================================================================
Received Prepare
Registering precompiled user dll's ...
Registered in 0.001490 seconds.
Begin MonoManager ReloadAssembly
Native extension for WindowsStandalone target not found
Refreshing native plugins compatible for Editor in 0.33 ms, found 1 plugins.
Preloading 0 native plugins for Editor in 0.00 ms.
Invoked RoslynAnalysisRunner static constructor.
RoslynAnalysisRunner will not be running.
RoslynAnalysisRunner has terminated.
Mono: successfully reloaded assembly
- Completed reload, in  0.807 seconds
Platform modules already initialized, skipping
Refreshing native plugins compatible for Editor in 0.36 ms, found 1 plugins.
Preloading 0 native plugins for Editor in 0.00 ms.
Unloading 1802 Unused Serialized files (Serialized files now loaded: 0)
System memory in use before: 84.5 MB.
System memory in use after: 84.5 MB.

Unloading 12 unused Assets to reduce memory usage. Loaded Objects now: 2253.
Total: 1.989700 ms (FindLiveObjects: 0.234000 ms CreateObjectMapping: 0.057200 ms MarkObjects: 1.595700 ms  DeleteObjects: 0.101800 ms)

========================================================================
Received Import Request.
  Time since last request: 46.846519 seconds.
  path: Assets/Prefabs
  artifactKey: Guid(3b3055e88f725c645bef7d6bb98f031c) Importer(815301076,1909f56bfc062723c751e8b465ee728b)
Start importing Assets/Prefabs using Guid(3b3055e88f725c645bef7d6bb98f031c) Importer(815301076,1909f56bfc062723c751e8b465ee728b)  -> (artifact id: '125d40b1d19fe925d52591d36507b5ec') in 0.010778 seconds
  Import took 0.015537 seconds .

========================================================================
Received Import Request.
  Time since last request: 7.388252 seconds.
  path: Assets/Prefabs/Core
  artifactKey: Guid(a067f4ae6a653a34bbee1f267ee304d9) Importer(815301076,1909f56bfc062723c751e8b465ee728b)
Start importing Assets/Prefabs/Core using Guid(a067f4ae6a653a34bbee1f267ee304d9) Importer(815301076,1909f56bfc062723c751e8b465ee728b)  -> (artifact id: '5aab8cc4ae3fb02a29cf11470ab43528') in 0.008394 seconds
  Import took 0.011364 seconds .

========================================================================
Received Import Request.
  Time since last request: 10.052813 seconds.
  path: Assets/Prefabs/Managers
  artifactKey: Guid(8e4d333338485fc40b0899291a21e6ad) Importer(815301076,1909f56bfc062723c751e8b465ee728b)
Start importing Assets/Prefabs/Managers using Guid(8e4d333338485fc40b0899291a21e6ad) Importer(815301076,1909f56bfc062723c751e8b465ee728b)  -> (artifact id: 'b5925e9e41ec548d1b9fa8190ae44ace') in 0.003746 seconds
  Import took 0.008574 seconds .

========================================================================
Received Import Request.
  Time since last request: 58.783865 seconds.
  path: Assets/Prefabs/Managers/GameMgr.prefab
  artifactKey: Guid(ae6e2ed0226b2b04fa4094da61841b3b) Importer(815301076,1909f56bfc062723c751e8b465ee728b)
Start importing Assets/Prefabs/Managers/GameMgr.prefab using Guid(ae6e2ed0226b2b04fa4094da61841b3b) Importer(815301076,1909f56bfc062723c751e8b465ee728b)  -> (artifact id: 'c19c9ac0098813930f242c67f8c46fd8') in 0.028103 seconds
  Import took 0.030902 seconds .

========================================================================
Received Import Request.
  Time since last request: 0.000971 seconds.
  path: Assets/Prefabs/Managers/GameMgr.prefab
  artifactKey: Guid(ae6e2ed0226b2b04fa4094da61841b3b) Importer(815301076,1909f56bfc062723c751e8b465ee728b)
Start importing Assets/Prefabs/Managers/GameMgr.prefab using Guid(ae6e2ed0226b2b04fa4094da61841b3b) Importer(815301076,1909f56bfc062723c751e8b465ee728b)  -> (artifact id: 'c19c9ac0098813930f242c67f8c46fd8') in 0.004955 seconds
  Import took 0.007724 seconds .

========================================================================
Received Prepare
Registering precompiled user dll's ...
Registered in 0.001140 seconds.
Begin MonoManager ReloadAssembly
Native extension for WindowsStandalone target not found
Refreshing native plugins compatible for Editor in 0.33 ms, found 1 plugins.
Preloading 0 native plugins for Editor in 0.00 ms.
Invoked RoslynAnalysisRunner static constructor.
RoslynAnalysisRunner will not be running.
RoslynAnalysisRunner has terminated.
Mono: successfully reloaded assembly
- Completed reload, in  0.831 seconds
Platform modules already initialized, skipping
Refreshing native plugins compatible for Editor in 0.64 ms, found 1 plugins.
Preloading 0 native plugins for Editor in 0.00 ms.
Unloading 1802 Unused Serialized files (Serialized files now loaded: 0)
System memory in use before: 84.6 MB.
System memory in use after: 84.5 MB.

Unloading 12 unused Assets to reduce memory usage. Loaded Objects now: 2257.
Total: 2.307300 ms (FindLiveObjects: 0.261300 ms CreateObjectMapping: 0.089000 ms MarkObjects: 1.594600 ms  DeleteObjects: 0.361700 ms)

========================================================================
Received Prepare
Registering precompiled user dll's ...
Registered in 0.001753 seconds.
Begin MonoManager ReloadAssembly
Native extension for WindowsStandalone target not found
Refreshing native plugins compatible for Editor in 0.45 ms, found 1 plugins.
Preloading 0 native plugins for Editor in 0.00 ms.
Invoked RoslynAnalysisRunner static constructor.
RoslynAnalysisRunner will not be running.
RoslynAnalysisRunner has terminated.
Mono: successfully reloaded assembly
- Completed reload, in  0.823 seconds
Platform modules already initialized, skipping
Refreshing native plugins compatible for Editor in 0.47 ms, found 1 plugins.
Preloading 0 native plugins for Editor in 0.00 ms.
Unloading 1802 Unused Serialized files (Serialized files now loaded: 0)
System memory in use before: 84.6 MB.
System memory in use after: 84.6 MB.

Unloading 12 unused Assets to reduce memory usage. Loaded Objects now: 2261.
Total: 2.206300 ms (FindLiveObjects: 0.228300 ms CreateObjectMapping: 0.125500 ms MarkObjects: 1.717900 ms  DeleteObjects: 0.133300 ms)

========================================================================
Received Prepare
Registering precompiled user dll's ...
Registered in 0.001618 seconds.
Begin MonoManager ReloadAssembly
Native extension for WindowsStandalone target not found
Refreshing native plugins compatible for Editor in 0.33 ms, found 1 plugins.
Preloading 0 native plugins for Editor in 0.00 ms.
Invoked RoslynAnalysisRunner static constructor.
RoslynAnalysisRunner will not be running.
RoslynAnalysisRunner has terminated.
Mono: successfully reloaded assembly
- Completed reload, in  0.822 seconds
Platform modules already initialized, skipping
Refreshing native plugins compatible for Editor in 0.33 ms, found 1 plugins.
Preloading 0 native plugins for Editor in 0.00 ms.
Unloading 1802 Unused Serialized files (Serialized files now loaded: 0)
System memory in use before: 84.6 MB.
System memory in use after: 84.6 MB.

Unloading 12 unused Assets to reduce memory usage. Loaded Objects now: 2265.
Total: 1.685500 ms (FindLiveObjects: 0.159200 ms CreateObjectMapping: 0.057900 ms MarkObjects: 1.363100 ms  DeleteObjects: 0.104400 ms)

========================================================================
Received Import Request.
  Time since last request: 661.822215 seconds.
  path: Packages/com.unity.2d.animation
  artifactKey: Guid(bb5c94055a953b6081dfc49350569eb1) Importer(815301076,1909f56bfc062723c751e8b465ee728b)
Start importing Packages/com.unity.2d.animation using Guid(bb5c94055a953b6081dfc49350569eb1) Importer(815301076,1909f56bfc062723c751e8b465ee728b)  -> (artifact id: '0d0e843e78e8bd1a9c5ce41e4230fb72') in 0.010558 seconds
  Import took 0.015641 seconds .

========================================================================
Received Import Request.
  Time since last request: 1.422455 seconds.
  path: Packages/com.unity.2d.common
  artifactKey: Guid(a5dcdac2498697dc1122d527a3e49621) Importer(815301076,1909f56bfc062723c751e8b465ee728b)
Start importing Packages/com.unity.2d.common using Guid(a5dcdac2498697dc1122d527a3e49621) Importer(815301076,1909f56bfc062723c751e8b465ee728b)  -> (artifact id: '43303895032240c862614161bfb4be23') in 0.009932 seconds
  Import took 0.014313 seconds .

========================================================================
Received Import Request.
  Time since last request: 1.169680 seconds.
  path: Packages/com.unity.2d.path
  artifactKey: Guid(b408cb5710d3960a737996681ad0c300) Importer(815301076,1909f56bfc062723c751e8b465ee728b)
Start importing Packages/com.unity.2d.path using Guid(b408cb5710d3960a737996681ad0c300) Importer(815301076,1909f56bfc062723c751e8b465ee728b)  -> (artifact id: 'fc6fd60d28a77c26c454b8b4805129d1') in 0.010537 seconds
  Import took 0.014593 seconds .

========================================================================
Received Import Request.
  Time since last request: 0.454990 seconds.
  path: Packages/com.unity.2d.pixel-perfect
  artifactKey: Guid(915dabe870142d4eb34a5dbf62d6df68) Importer(815301076,1909f56bfc062723c751e8b465ee728b)
Start importing Packages/com.unity.2d.pixel-perfect using Guid(915dabe870142d4eb34a5dbf62d6df68) Importer(815301076,1909f56bfc062723c751e8b465ee728b)  -> (artifact id: '42d2cdcf32b931bcf0be6cdd79307053') in 0.008118 seconds
  Import took 0.012000 seconds .

========================================================================
Received Import Request.
  Time since last request: 0.638474 seconds.
  path: Packages/com.unity.2d.psdimporter
  artifactKey: Guid(89fcc900e56380574db74dc98ed08bf1) Importer(815301076,1909f56bfc062723c751e8b465ee728b)
Start importing Packages/com.unity.2d.psdimporter using Guid(89fcc900e56380574db74dc98ed08bf1) Importer(815301076,1909f56bfc062723c751e8b465ee728b)  -> (artifact id: 'd66d1cbcc24fc97a10db87f6488566b1') in 0.008208 seconds
  Import took 0.013463 seconds .

========================================================================
Received Import Request.
  Time since last request: 3.786035 seconds.
  path: Packages/com.unity.2d.sprite
  artifactKey: Guid(0901a6b758d060e9422c4f8d588d5895) Importer(815301076,1909f56bfc062723c751e8b465ee728b)
Start importing Packages/com.unity.2d.sprite using Guid(0901a6b758d060e9422c4f8d588d5895) Importer(815301076,1909f56bfc062723c751e8b465ee728b)  -> (artifact id: '3c2fcb569f11df832374a5498b210d20') in 0.009224 seconds
  Import took 0.012313 seconds .

========================================================================
Received Import Request.
  Time since last request: 0.683565 seconds.
  path: Packages/com.unity.2d.spriteshape
  artifactKey: Guid(9f9e809966b8f16f626c5fa29105d97a) Importer(815301076,1909f56bfc062723c751e8b465ee728b)
Start importing Packages/com.unity.2d.spriteshape using Guid(9f9e809966b8f16f626c5fa29105d97a) Importer(815301076,1909f56bfc062723c751e8b465ee728b)  -> (artifact id: '6c1e1a1e9888d146258e2720928ee73a') in 0.007347 seconds
  Import took 0.012534 seconds .

========================================================================
Received Import Request.
  Time since last request: 1.142967 seconds.
  path: Packages/com.unity.2d.tilemap
  artifactKey: Guid(4e00cf00a7281e0d7ee16a9f76f3c3bb) Importer(815301076,1909f56bfc062723c751e8b465ee728b)
Start importing Packages/com.unity.2d.tilemap using Guid(4e00cf00a7281e0d7ee16a9f76f3c3bb) Importer(815301076,1909f56bfc062723c751e8b465ee728b)  -> (artifact id: 'e240365609116e700ca0b2e15f91ef4e') in 0.008279 seconds
  Import took 0.014394 seconds .

========================================================================
Received Import Request.
  Time since last request: 0.761914 seconds.
  path: Packages/com.unity.ext.nunit
  artifactKey: Guid(25a477c2f24db8778a4179421a32cc21) Importer(815301076,1909f56bfc062723c751e8b465ee728b)
Start importing Packages/com.unity.ext.nunit using Guid(25a477c2f24db8778a4179421a32cc21) Importer(815301076,1909f56bfc062723c751e8b465ee728b)  -> (artifact id: '8917083e3461eeafe7ca469e4a74fc33') in 0.010663 seconds
  Import took 0.014721 seconds .

========================================================================
Received Import Request.
  Time since last request: 0.003737 seconds.
  path: Packages/com.unity.ext.nunit
  artifactKey: Guid(25a477c2f24db8778a4179421a32cc21) Importer(815301076,1909f56bfc062723c751e8b465ee728b)
Start importing Packages/com.unity.ext.nunit using Guid(25a477c2f24db8778a4179421a32cc21) Importer(815301076,1909f56bfc062723c751e8b465ee728b)  -> (artifact id: '8917083e3461eeafe7ca469e4a74fc33') in 0.003207 seconds
  Import took 0.006609 seconds .

========================================================================
Received Import Request.
  Time since last request: 1.075787 seconds.
  path: Packages/com.unity.ide.rider
  artifactKey: Guid(ea5aa18a49e4f29d74984ea0ea11a238) Importer(815301076,1909f56bfc062723c751e8b465ee728b)
Start importing Packages/com.unity.ide.rider using Guid(ea5aa18a49e4f29d74984ea0ea11a238) Importer(815301076,1909f56bfc062723c751e8b465ee728b)  -> (artifact id: 'a7486e3e588c99355a69f75deda10428') in 0.010313 seconds
  Import took 0.015785 seconds .

========================================================================
Received Import Request.
  Time since last request: 0.558655 seconds.
  path: Packages/com.unity.mathematics
  artifactKey: Guid(795e97ad99e2f6ffd2060ae1983b6f25) Importer(815301076,1909f56bfc062723c751e8b465ee728b)
Start importing Packages/com.unity.mathematics using Guid(795e97ad99e2f6ffd2060ae1983b6f25) Importer(815301076,1909f56bfc062723c751e8b465ee728b)  -> (artifact id: '376c6aba9b1750a73597a29836e8e483') in 0.007428 seconds
  Import took 0.010927 seconds .

========================================================================
Received Import Request.
  Time since last request: 0.533522 seconds.
  path: Packages/com.unity.test-framework
  artifactKey: Guid(6023f2b823fc19b4e4a90875281ff117) Importer(815301076,1909f56bfc062723c751e8b465ee728b)
Start importing Packages/com.unity.test-framework using Guid(6023f2b823fc19b4e4a90875281ff117) Importer(815301076,1909f56bfc062723c751e8b465ee728b)  -> (artifact id: 'fe18088e2017ea0fa000f5128852680f') in 0.007280 seconds
  Import took 0.012283 seconds .

========================================================================
Received Import Request.
  Time since last request: 1.051581 seconds.
  path: Packages/com.unity.textmeshpro
  artifactKey: Guid(cabaa672b0e3ee91fa7b6da4daab7970) Importer(815301076,1909f56bfc062723c751e8b465ee728b)
Start importing Packages/com.unity.textmeshpro using Guid(cabaa672b0e3ee91fa7b6da4daab7970) Importer(815301076,1909f56bfc062723c751e8b465ee728b)  -> (artifact id: 'e0fc6b7a6413814fcf90a2bc72c54982') in 0.008915 seconds
  Import took 0.012554 seconds .

========================================================================
Received Import Request.
  Time since last request: 0.000679 seconds.
  path: Packages/com.unity.textmeshpro
  artifactKey: Guid(cabaa672b0e3ee91fa7b6da4daab7970) Importer(815301076,1909f56bfc062723c751e8b465ee728b)
Start importing Packages/com.unity.textmeshpro using Guid(cabaa672b0e3ee91fa7b6da4daab7970) Importer(815301076,1909f56bfc062723c751e8b465ee728b)  -> (artifact id: 'e0fc6b7a6413814fcf90a2bc72c54982') in 0.003061 seconds
  Import took 0.006256 seconds .

========================================================================
Received Import Request.
  Time since last request: 0.852286 seconds.
  path: Packages/com.unity.timeline
  artifactKey: Guid(a4610cf559d77b9f256416d9ccaeac55) Importer(815301076,1909f56bfc062723c751e8b465ee728b)
Start importing Packages/com.unity.timeline using Guid(a4610cf559d77b9f256416d9ccaeac55) Importer(815301076,1909f56bfc062723c751e8b465ee728b)  -> (artifact id: '1480e27dda673c051f16cd7230addf5f') in 0.010663 seconds
  Import took 0.014486 seconds .

========================================================================
Received Import Request.
  Time since last request: 0.007386 seconds.
  path: Packages/com.unity.timeline
  artifactKey: Guid(a4610cf559d77b9f256416d9ccaeac55) Importer(815301076,1909f56bfc062723c751e8b465ee728b)
Start importing Packages/com.unity.timeline using Guid(a4610cf559d77b9f256416d9ccaeac55) Importer(815301076,1909f56bfc062723c751e8b465ee728b)  -> (artifact id: '1480e27dda673c051f16cd7230addf5f') in 0.003600 seconds
  Import took 0.007019 seconds .

========================================================================
Received Import Request.
  Time since last request: 0.413523 seconds.
  path: Packages/com.unity.collab-proxy
  artifactKey: Guid(1adad61bfb44214ee3e887b5febc4396) Importer(815301076,1909f56bfc062723c751e8b465ee728b)
Start importing Packages/com.unity.collab-proxy using Guid(1adad61bfb44214ee3e887b5febc4396) Importer(815301076,1909f56bfc062723c751e8b465ee728b)  -> (artifact id: 'b19b0db24d65f5912a42389f92f41f9e') in 0.007708 seconds
  Import took 0.011050 seconds .

========================================================================
Received Import Request.
  Time since last request: 0.000496 seconds.
  path: Packages/com.unity.collab-proxy
  artifactKey: Guid(1adad61bfb44214ee3e887b5febc4396) Importer(815301076,1909f56bfc062723c751e8b465ee728b)
Start importing Packages/com.unity.collab-proxy using Guid(1adad61bfb44214ee3e887b5febc4396) Importer(815301076,1909f56bfc062723c751e8b465ee728b)  -> (artifact id: 'b19b0db24d65f5912a42389f92f41f9e') in 0.002935 seconds
  Import took 0.006098 seconds .

========================================================================
Received Import Request.
  Time since last request: 0.653064 seconds.
  path: Packages/com.unity.ugui
  artifactKey: Guid(8f7652e09069a1943278893d4264401e) Importer(815301076,1909f56bfc062723c751e8b465ee728b)
Start importing Packages/com.unity.ugui using Guid(8f7652e09069a1943278893d4264401e) Importer(815301076,1909f56bfc062723c751e8b465ee728b)  -> (artifact id: 'c6421d84b259b4f59586faa4d8da16bd') in 0.010209 seconds
  Import took 0.015417 seconds .

========================================================================
Received Import Request.
  Time since last request: 0.598808 seconds.
  path: Packages/com.unity.ide.vscode
  artifactKey: Guid(1c61a04a5b7737c4d16673d64be4194e) Importer(815301076,1909f56bfc062723c751e8b465ee728b)
Start importing Packages/com.unity.ide.vscode using Guid(1c61a04a5b7737c4d16673d64be4194e) Importer(815301076,1909f56bfc062723c751e8b465ee728b)  -> (artifact id: '2132f6ccd583de0605e40d9a39f26e9c') in 0.007310 seconds
  Import took 0.012129 seconds .

========================================================================
Received Import Request.
  Time since last request: 0.572579 seconds.
  path: Packages/com.unity.ide.visualstudio
  artifactKey: Guid(9db636ca49aa246019dd93b7c8b689f4) Importer(815301076,1909f56bfc062723c751e8b465ee728b)
Start importing Packages/com.unity.ide.visualstudio using Guid(9db636ca49aa246019dd93b7c8b689f4) Importer(815301076,1909f56bfc062723c751e8b465ee728b)  -> (artifact id: '40dcf2de4826b4469fdbd1e2ddf0352b') in 0.008099 seconds
  Import took 0.012407 seconds .

========================================================================
Received Import Request.
  Time since last request: 24.058583 seconds.
  path: Assets/Scripts/Utility
  artifactKey: Guid(edd7bcf9b893a8043ab0fba035b1a196) Importer(815301076,1909f56bfc062723c751e8b465ee728b)
Start importing Assets/Scripts/Utility using Guid(edd7bcf9b893a8043ab0fba035b1a196) Importer(815301076,1909f56bfc062723c751e8b465ee728b)  -> (artifact id: 'd4a0f118e8c5aa34652879b39d18c870') in 0.009288 seconds
  Import took 0.012466 seconds .

========================================================================
Received Import Request.
  Time since last request: 25.035241 seconds.
  path: Assets/Scripts/Utility/DevTools.cs
  artifactKey: Guid(9242b747edb99ae4f9125e5addb877e6) Importer(815301076,1909f56bfc062723c751e8b465ee728b)
Start importing Assets/Scripts/Utility/DevTools.cs using Guid(9242b747edb99ae4f9125e5addb877e6) Importer(815301076,1909f56bfc062723c751e8b465ee728b)  -> (artifact id: 'a31f6dd1247aec8060006ab7ae6bd085') in 0.011360 seconds
  Import took 0.017181 seconds .

========================================================================
Received Prepare
Registering precompiled user dll's ...
Registered in 0.001177 seconds.
Begin MonoManager ReloadAssembly
Native extension for WindowsStandalone target not found
Refreshing native plugins compatible for Editor in 0.33 ms, found 1 plugins.
Preloading 0 native plugins for Editor in 0.00 ms.
Invoked RoslynAnalysisRunner static constructor.
RoslynAnalysisRunner will not be running.
RoslynAnalysisRunner has terminated.
Mono: successfully reloaded assembly
- Completed reload, in  0.831 seconds
Platform modules already initialized, skipping
Refreshing native plugins compatible for Editor in 0.37 ms, found 1 plugins.
Preloading 0 native plugins for Editor in 0.00 ms.
Unloading 1803 Unused Serialized files (Serialized files now loaded: 0)
System memory in use before: 84.6 MB.
System memory in use after: 84.6 MB.

Unloading 12 unused Assets to reduce memory usage. Loaded Objects now: 2270.
Total: 2.471900 ms (FindLiveObjects: 0.266200 ms CreateObjectMapping: 0.125900 ms MarkObjects: 1.946700 ms  DeleteObjects: 0.132200 ms)

========================================================================
Received Prepare
Registering precompiled user dll's ...
Registered in 0.001445 seconds.
Begin MonoManager ReloadAssembly
Native extension for WindowsStandalone target not found
Refreshing native plugins compatible for Editor in 0.35 ms, found 1 plugins.
Preloading 0 native plugins for Editor in 0.00 ms.
Invoked RoslynAnalysisRunner static constructor.
RoslynAnalysisRunner will not be running.
RoslynAnalysisRunner has terminated.
Mono: successfully reloaded assembly
- Completed reload, in  0.817 seconds
Platform modules already initialized, skipping
Refreshing native plugins compatible for Editor in 0.42 ms, found 1 plugins.
Preloading 0 native plugins for Editor in 0.00 ms.
Unloading 1802 Unused Serialized files (Serialized files now loaded: 0)
System memory in use before: 84.6 MB.
System memory in use after: 84.6 MB.

Unloading 13 unused Assets to reduce memory usage. Loaded Objects now: 2273.
Total: 2.120800 ms (FindLiveObjects: 0.232500 ms CreateObjectMapping: 0.058600 ms MarkObjects: 1.692700 ms  DeleteObjects: 0.136000 ms)

========================================================================
Received Import Request.
  Time since last request: 732.774363 seconds.
  path: Assets/Scripts/New Folder
  artifactKey: Guid(aac67ffb4a6c37b4ba6f5da9dbd68b25) Importer(815301076,1909f56bfc062723c751e8b465ee728b)
Start importing Assets/Scripts/New Folder using Guid(aac67ffb4a6c37b4ba6f5da9dbd68b25) Importer(815301076,1909f56bfc062723c751e8b465ee728b)  -> (artifact id: 'e2f8a2607e5b7eb2b9fd119414d1fdd8') in 0.011971 seconds
  Import took 0.015783 seconds .

========================================================================
Received Prepare
Registering precompiled user dll's ...
Registered in 0.001611 seconds.
Begin MonoManager ReloadAssembly
Native extension for WindowsStandalone target not found
Refreshing native plugins compatible for Editor in 0.35 ms, found 1 plugins.
Preloading 0 native plugins for Editor in 0.00 ms.
Invalid AssetDatabase path: /Editor/EditorResources/cm_logo_sm.png. Use path relative to the project folder.
UnityEngine.StackTraceUtility:ExtractStackTrace ()
UnityEditor.AssetDatabase:LoadAssetAtPath<UnityEngine.Texture2D> (string)
Cinemachine.Editor.CinemachineSettings:get_CinemachineLogoTexture () (at Library/PackageCache/com.unity.cinemachine@2.6.3/Editor/Windows/CinemachineSettings.cs:205)
Cinemachine.Editor.CinemachineSettings:.cctor () (at Library/PackageCache/com.unity.cinemachine@2.6.3/Editor/Windows/CinemachineSettings.cs:237)
Cinemachine.CinemachineColliderPrefs:.cctor () (at Library/PackageCache/com.unity.cinemachine@2.6.3/Editor/Windows/CinemachineColliderPrefs.cs:61)
System.Runtime.CompilerServices.RuntimeHelpers:RunClassConstructor (System.RuntimeTypeHandle)
UnityEditor.EditorAssemblies:ProcessInitializeOnLoadAttributes (System.Type[])

[Library/PackageCache/com.unity.cinemachine@2.6.3/Editor/Windows/CinemachineSettings.cs line 205]

Invoked RoslynAnalysisRunner static constructor.
RoslynAnalysisRunner will not be running.
RoslynAnalysisRunner has terminated.
Mono: successfully reloaded assembly
- Completed reload, in  0.956 seconds
Platform modules already initialized, skipping
Refreshing native plugins compatible for Editor in 0.63 ms, found 1 plugins.
Preloading 0 native plugins for Editor in 0.00 ms.
Unloading 1948 Unused Serialized files (Serialized files now loaded: 0)
System memory in use before: 89.6 MB.
System memory in use after: 89.6 MB.

Unloading 13 unused Assets to reduce memory usage. Loaded Objects now: 2422.
Total: 2.027700 ms (FindLiveObjects: 0.185600 ms CreateObjectMapping: 0.081800 ms MarkObjects: 1.602300 ms  DeleteObjects: 0.156800 ms)

========================================================================
Received Prepare
Registering precompiled user dll's ...
Registered in 0.001155 seconds.
Begin MonoManager ReloadAssembly
Native extension for WindowsStandalone target not found
Refreshing native plugins compatible for Editor in 0.35 ms, found 1 plugins.
Preloading 0 native plugins for Editor in 0.00 ms.
Invoked RoslynAnalysisRunner static constructor.
RoslynAnalysisRunner will not be running.
RoslynAnalysisRunner has terminated.
Mono: successfully reloaded assembly
- Completed reload, in  0.825 seconds
Platform modules already initialized, skipping
Refreshing native plugins compatible for Editor in 0.39 ms, found 1 plugins.
Preloading 0 native plugins for Editor in 0.00 ms.
Unloading 1949 Unused Serialized files (Serialized files now loaded: 0)
System memory in use before: 89.8 MB.
System memory in use after: 89.7 MB.

Unloading 14 unused Assets to reduce memory usage. Loaded Objects now: 2427.
Total: 1.941700 ms (FindLiveObjects: 0.185200 ms CreateObjectMapping: 0.070400 ms MarkObjects: 1.513800 ms  DeleteObjects: 0.171400 ms)

========================================================================
Received Prepare
Registering precompiled user dll's ...
Registered in 0.001093 seconds.
Begin MonoManager ReloadAssembly
Native extension for WindowsStandalone target not found
Refreshing native plugins compatible for Editor in 0.37 ms, found 1 plugins.
Preloading 0 native plugins for Editor in 0.00 ms.
Invoked RoslynAnalysisRunner static constructor.
RoslynAnalysisRunner will not be running.
RoslynAnalysisRunner has terminated.
Mono: successfully reloaded assembly
- Completed reload, in  0.822 seconds
Platform modules already initialized, skipping
Refreshing native plugins compatible for Editor in 0.36 ms, found 1 plugins.
Preloading 0 native plugins for Editor in 0.00 ms.
Unloading 1949 Unused Serialized files (Serialized files now loaded: 0)
System memory in use before: 89.8 MB.
System memory in use after: 89.7 MB.

Unloading 14 unused Assets to reduce memory usage. Loaded Objects now: 2432.
Total: 2.268900 ms (FindLiveObjects: 0.180300 ms CreateObjectMapping: 0.110400 ms MarkObjects: 1.811900 ms  DeleteObjects: 0.155000 ms)

========================================================================
Received Import Request.
  Time since last request: 617.606584 seconds.
  path: Assets/Scripts/Managers/InputWrap.cs
  artifactKey: Guid(7efe3c7ca6d083a4b99b457b275c7185) Importer(815301076,1909f56bfc062723c751e8b465ee728b)
Start importing Assets/Scripts/Managers/InputWrap.cs using Guid(7efe3c7ca6d083a4b99b457b275c7185) Importer(815301076,1909f56bfc062723c751e8b465ee728b)  -> (artifact id: '2b3a7ad9f39e3f861c7e3abc06cce8bb') in 0.010397 seconds
  Import took 0.013396 seconds .

========================================================================
Received Import Request.
  Time since last request: 0.020088 seconds.
  path: Assets/Scripts/Managers/InputWrap.cs
  artifactKey: Guid(7efe3c7ca6d083a4b99b457b275c7185) Importer(815301076,1909f56bfc062723c751e8b465ee728b)
Start importing Assets/Scripts/Managers/InputWrap.cs using Guid(7efe3c7ca6d083a4b99b457b275c7185) Importer(815301076,1909f56bfc062723c751e8b465ee728b)  -> (artifact id: '2b3a7ad9f39e3f861c7e3abc06cce8bb') in 0.004046 seconds
  Import took 0.006989 seconds .

========================================================================
Received Import Request.
  Time since last request: 662.020129 seconds.
  path: Assets/Scripts/Managers/GameMgr.cs
  artifactKey: Guid(7ef5c29a92331e248b41019583f2b7b9) Importer(815301076,1909f56bfc062723c751e8b465ee728b)
Start importing Assets/Scripts/Managers/GameMgr.cs using Guid(7ef5c29a92331e248b41019583f2b7b9) Importer(815301076,1909f56bfc062723c751e8b465ee728b)  -> (artifact id: '70ba2aaf59be786b42d80fbacf5482aa') in 0.007925 seconds
  Import took 0.011510 seconds .

========================================================================
Received Prepare
Registering precompiled user dll's ...
Registered in 0.001091 seconds.
Begin MonoManager ReloadAssembly
Native extension for WindowsStandalone target not found
Refreshing native plugins compatible for Editor in 0.35 ms, found 1 plugins.
Preloading 0 native plugins for Editor in 0.00 ms.
Invoked RoslynAnalysisRunner static constructor.
RoslynAnalysisRunner will not be running.
RoslynAnalysisRunner has terminated.
Mono: successfully reloaded assembly
- Completed reload, in  0.841 seconds
Platform modules already initialized, skipping
Refreshing native plugins compatible for Editor in 0.34 ms, found 1 plugins.
Preloading 0 native plugins for Editor in 0.00 ms.
Unloading 1949 Unused Serialized files (Serialized files now loaded: 0)
System memory in use before: 89.8 MB.
System memory in use after: 89.8 MB.

Unloading 14 unused Assets to reduce memory usage. Loaded Objects now: 2436.
Total: 2.229500 ms (FindLiveObjects: 0.166300 ms CreateObjectMapping: 0.062400 ms MarkObjects: 1.863600 ms  DeleteObjects: 0.136300 ms)

========================================================================
Received Prepare
Registering precompiled user dll's ...
Registered in 0.001706 seconds.
Begin MonoManager ReloadAssembly
Native extension for WindowsStandalone target not found
Refreshing native plugins compatible for Editor in 0.65 ms, found 1 plugins.
Preloading 0 native plugins for Editor in 0.00 ms.
Invoked RoslynAnalysisRunner static constructor.
RoslynAnalysisRunner will not be running.
RoslynAnalysisRunner has terminated.
Mono: successfully reloaded assembly
- Completed reload, in  0.876 seconds
Platform modules already initialized, skipping
Refreshing native plugins compatible for Editor in 0.35 ms, found 1 plugins.
Preloading 0 native plugins for Editor in 0.00 ms.
Unloading 1949 Unused Serialized files (Serialized files now loaded: 0)
System memory in use before: 89.8 MB.
System memory in use after: 89.8 MB.

Unloading 14 unused Assets to reduce memory usage. Loaded Objects now: 2440.
Total: 2.027200 ms (FindLiveObjects: 0.188400 ms CreateObjectMapping: 0.063000 ms MarkObjects: 1.590600 ms  DeleteObjects: 0.183900 ms)

========================================================================
Received Prepare
Registering precompiled user dll's ...
Registered in 0.001179 seconds.
Begin MonoManager ReloadAssembly
Native extension for WindowsStandalone target not found
Refreshing native plugins compatible for Editor in 0.46 ms, found 1 plugins.
Preloading 0 native plugins for Editor in 0.00 ms.
Invoked RoslynAnalysisRunner static constructor.
RoslynAnalysisRunner will not be running.
RoslynAnalysisRunner has terminated.
Mono: successfully reloaded assembly
- Completed reload, in  0.843 seconds
Platform modules already initialized, skipping
Refreshing native plugins compatible for Editor in 0.35 ms, found 1 plugins.
Preloading 0 native plugins for Editor in 0.00 ms.
Unloading 1949 Unused Serialized files (Serialized files now loaded: 0)
System memory in use before: 89.8 MB.
System memory in use after: 89.8 MB.

Unloading 14 unused Assets to reduce memory usage. Loaded Objects now: 2444.
Total: 2.409300 ms (FindLiveObjects: 0.239400 ms CreateObjectMapping: 0.130700 ms MarkObjects: 1.889300 ms  DeleteObjects: 0.149100 ms)

========================================================================
Received Import Request.
  Time since last request: 882.900056 seconds.
  path: Assets/Scripts/Managers/DebugMgr.cs
  artifactKey: Guid(c47e64d1cadae8b44a55adfc9ab07649) Importer(815301076,1909f56bfc062723c751e8b465ee728b)
Start importing Assets/Scripts/Managers/DebugMgr.cs using Guid(c47e64d1cadae8b44a55adfc9ab07649) Importer(815301076,1909f56bfc062723c751e8b465ee728b)  -> (artifact id: '92789988bd3cae2e1165b5b450fd582f') in 0.013218 seconds
  Import took 0.018630 seconds .

========================================================================
Received Prepare
Registering precompiled user dll's ...
Registered in 0.001157 seconds.
Begin MonoManager ReloadAssembly
Native extension for WindowsStandalone target not found
Refreshing native plugins compatible for Editor in 0.38 ms, found 1 plugins.
Preloading 0 native plugins for Editor in 0.00 ms.
Invoked RoslynAnalysisRunner static constructor.
RoslynAnalysisRunner will not be running.
RoslynAnalysisRunner has terminated.
Mono: successfully reloaded assembly
- Completed reload, in  0.865 seconds
Platform modules already initialized, skipping
Refreshing native plugins compatible for Editor in 0.36 ms, found 1 plugins.
Preloading 0 native plugins for Editor in 0.00 ms.
Unloading 1950 Unused Serialized files (Serialized files now loaded: 0)
System memory in use before: 89.8 MB.
System memory in use after: 89.8 MB.

Unloading 14 unused Assets to reduce memory usage. Loaded Objects now: 2449.
Total: 2.253200 ms (FindLiveObjects: 0.229300 ms CreateObjectMapping: 0.064300 ms MarkObjects: 1.833900 ms  DeleteObjects: 0.124900 ms)

========================================================================
Received Prepare
Registering precompiled user dll's ...
Registered in 0.001187 seconds.
Begin MonoManager ReloadAssembly
Native extension for WindowsStandalone target not found
Refreshing native plugins compatible for Editor in 0.39 ms, found 1 plugins.
Preloading 0 native plugins for Editor in 0.00 ms.
Invoked RoslynAnalysisRunner static constructor.
RoslynAnalysisRunner will not be running.
RoslynAnalysisRunner has terminated.
Mono: successfully reloaded assembly
- Completed reload, in  0.814 seconds
Platform modules already initialized, skipping
Refreshing native plugins compatible for Editor in 0.35 ms, found 1 plugins.
Preloading 0 native plugins for Editor in 0.00 ms.
Unloading 1950 Unused Serialized files (Serialized files now loaded: 0)
System memory in use before: 89.8 MB.
System memory in use after: 89.8 MB.

Unloading 14 unused Assets to reduce memory usage. Loaded Objects now: 2453.
Total: 1.824100 ms (FindLiveObjects: 0.206900 ms CreateObjectMapping: 0.064600 ms MarkObjects: 1.433700 ms  DeleteObjects: 0.118100 ms)

========================================================================
Received Prepare
Registering precompiled user dll's ...
Registered in 0.001191 seconds.
Begin MonoManager ReloadAssembly
Native extension for WindowsStandalone target not found
Refreshing native plugins compatible for Editor in 0.39 ms, found 1 plugins.
Preloading 0 native plugins for Editor in 0.00 ms.
Invoked RoslynAnalysisRunner static constructor.
RoslynAnalysisRunner will not be running.
RoslynAnalysisRunner has terminated.
Mono: successfully reloaded assembly
- Completed reload, in  0.848 seconds
Platform modules already initialized, skipping
Refreshing native plugins compatible for Editor in 0.42 ms, found 1 plugins.
Preloading 0 native plugins for Editor in 0.00 ms.
Unloading 1950 Unused Serialized files (Serialized files now loaded: 0)
System memory in use before: 89.8 MB.
System memory in use after: 89.8 MB.

Unloading 14 unused Assets to reduce memory usage. Loaded Objects now: 2457.
Total: 2.643300 ms (FindLiveObjects: 0.297100 ms CreateObjectMapping: 0.172400 ms MarkObjects: 2.023700 ms  DeleteObjects: 0.149000 ms)

========================================================================
Received Import Request.
  Time since last request: 757.888698 seconds.
  path: Assets/Scripts/Managers/DebugMgr.cs
  artifactKey: Guid(c47e64d1cadae8b44a55adfc9ab07649) Importer(815301076,1909f56bfc062723c751e8b465ee728b)
Start importing Assets/Scripts/Managers/DebugMgr.cs using Guid(c47e64d1cadae8b44a55adfc9ab07649) Importer(815301076,1909f56bfc062723c751e8b465ee728b)  -> (artifact id: 'babdeb87f9a61e51903e97891ca2e51d') in 0.006303 seconds
  Import took 0.010482 seconds .

========================================================================
Received Prepare
Registering precompiled user dll's ...
Registered in 0.001682 seconds.
Begin MonoManager ReloadAssembly
Native extension for WindowsStandalone target not found
Refreshing native plugins compatible for Editor in 0.39 ms, found 1 plugins.
Preloading 0 native plugins for Editor in 0.00 ms.
Invoked RoslynAnalysisRunner static constructor.
RoslynAnalysisRunner will not be running.
RoslynAnalysisRunner has terminated.
Mono: successfully reloaded assembly
- Completed reload, in  0.880 seconds
Platform modules already initialized, skipping
Refreshing native plugins compatible for Editor in 0.46 ms, found 1 plugins.
Preloading 0 native plugins for Editor in 0.00 ms.
Unloading 1950 Unused Serialized files (Serialized files now loaded: 0)
System memory in use before: 89.8 MB.
System memory in use after: 89.8 MB.

Unloading 14 unused Assets to reduce memory usage. Loaded Objects now: 2461.
Total: 2.845900 ms (FindLiveObjects: 0.296300 ms CreateObjectMapping: 0.143100 ms MarkObjects: 2.280400 ms  DeleteObjects: 0.124900 ms)

========================================================================
Received Import Request.
  Time since last request: 103.749482 seconds.
  path: Assets/Scripts/Managers/DebugMgr.cs
  artifactKey: Guid(c47e64d1cadae8b44a55adfc9ab07649) Importer(815301076,1909f56bfc062723c751e8b465ee728b)
Start importing Assets/Scripts/Managers/DebugMgr.cs using Guid(c47e64d1cadae8b44a55adfc9ab07649) Importer(815301076,1909f56bfc062723c751e8b465ee728b)  -> (artifact id: 'a16001269caffa76ede016dd096e5fbb') in 0.006957 seconds
  Import took 0.011864 seconds .

========================================================================
Received Prepare
Registering precompiled user dll's ...
Registered in 0.001631 seconds.
Begin MonoManager ReloadAssembly
Native extension for WindowsStandalone target not found
Refreshing native plugins compatible for Editor in 0.36 ms, found 1 plugins.
Preloading 0 native plugins for Editor in 0.00 ms.
Invoked RoslynAnalysisRunner static constructor.
RoslynAnalysisRunner will not be running.
RoslynAnalysisRunner has terminated.
Mono: successfully reloaded assembly
- Completed reload, in  0.888 seconds
Platform modules already initialized, skipping
Refreshing native plugins compatible for Editor in 0.36 ms, found 1 plugins.
Preloading 0 native plugins for Editor in 0.00 ms.
Unloading 1950 Unused Serialized files (Serialized files now loaded: 0)
System memory in use before: 89.9 MB.
System memory in use after: 89.8 MB.

Unloading 14 unused Assets to reduce memory usage. Loaded Objects now: 2465.
Total: 2.558700 ms (FindLiveObjects: 0.314800 ms CreateObjectMapping: 0.133100 ms MarkObjects: 1.966100 ms  DeleteObjects: 0.143600 ms)

========================================================================
Received Prepare
Registering precompiled user dll's ...
Registered in 0.001126 seconds.
Begin MonoManager ReloadAssembly
Native extension for WindowsStandalone target not found
Refreshing native plugins compatible for Editor in 0.37 ms, found 1 plugins.
Preloading 0 native plugins for Editor in 0.00 ms.
Invoked RoslynAnalysisRunner static constructor.
RoslynAnalysisRunner will not be running.
RoslynAnalysisRunner has terminated.
Mono: successfully reloaded assembly
- Completed reload, in  0.830 seconds
Platform modules already initialized, skipping
Refreshing native plugins compatible for Editor in 0.36 ms, found 1 plugins.
Preloading 0 native plugins for Editor in 0.00 ms.
Unloading 1950 Unused Serialized files (Serialized files now loaded: 0)
System memory in use before: 89.9 MB.
System memory in use after: 89.8 MB.

Unloading 14 unused Assets to reduce memory usage. Loaded Objects now: 2469.
Total: 1.974200 ms (FindLiveObjects: 0.184600 ms CreateObjectMapping: 0.061100 ms MarkObjects: 1.566300 ms  DeleteObjects: 0.161100 ms)

========================================================================
Received Prepare
Registering precompiled user dll's ...
Registered in 0.001358 seconds.
Begin MonoManager ReloadAssembly
Native extension for WindowsStandalone target not found
Refreshing native plugins compatible for Editor in 0.55 ms, found 1 plugins.
Preloading 0 native plugins for Editor in 0.00 ms.
Invoked RoslynAnalysisRunner static constructor.
RoslynAnalysisRunner will not be running.
RoslynAnalysisRunner has terminated.
Mono: successfully reloaded assembly
- Completed reload, in  0.860 seconds
Platform modules already initialized, skipping
Refreshing native plugins compatible for Editor in 0.40 ms, found 1 plugins.
Preloading 0 native plugins for Editor in 0.00 ms.
Unloading 1950 Unused Serialized files (Serialized files now loaded: 0)
System memory in use before: 89.9 MB.
System memory in use after: 89.9 MB.

Unloading 14 unused Assets to reduce memory usage. Loaded Objects now: 2473.
Total: 2.396800 ms (FindLiveObjects: 0.326400 ms CreateObjectMapping: 0.100000 ms MarkObjects: 1.823900 ms  DeleteObjects: 0.145500 ms)

========================================================================
Received Prepare
Registering precompiled user dll's ...
Registered in 0.001148 seconds.
Begin MonoManager ReloadAssembly
Native extension for WindowsStandalone target not found
Refreshing native plugins compatible for Editor in 0.40 ms, found 1 plugins.
Preloading 0 native plugins for Editor in 0.00 ms.
Invoked RoslynAnalysisRunner static constructor.
RoslynAnalysisRunner will not be running.
RoslynAnalysisRunner has terminated.
Mono: successfully reloaded assembly
- Completed reload, in  0.843 seconds
Platform modules already initialized, skipping
Refreshing native plugins compatible for Editor in 0.38 ms, found 1 plugins.
Preloading 0 native plugins for Editor in 0.00 ms.
Unloading 1950 Unused Serialized files (Serialized files now loaded: 0)
System memory in use before: 89.9 MB.
System memory in use after: 89.9 MB.

Unloading 14 unused Assets to reduce memory usage. Loaded Objects now: 2477.
Total: 2.032200 ms (FindLiveObjects: 0.270900 ms CreateObjectMapping: 0.063700 ms MarkObjects: 1.557400 ms  DeleteObjects: 0.137400 ms)

========================================================================
Received Prepare
Refreshing native plugins compatible for Editor in 3.05 ms, found 1 plugins.
Preloading 0 native plugins for Editor in 0.00 ms.
Unloading 11 Unused Serialized files (Serialized files now loaded: 0)
System memory in use before: 51.5 MB.
System memory in use after: 51.5 MB.

Unloading 11 unused Assets to reduce memory usage. Loaded Objects now: 2477.
Total: 1.909800 ms (FindLiveObjects: 0.199300 ms CreateObjectMapping: 0.062400 ms MarkObjects: 1.504500 ms  DeleteObjects: 0.142200 ms)

========================================================================
Received Prepare
Refreshing native plugins compatible for Editor in 2.79 ms, found 1 plugins.
Preloading 0 native plugins for Editor in 0.00 ms.
Unloading 11 Unused Serialized files (Serialized files now loaded: 0)
System memory in use before: 51.5 MB.
System memory in use after: 51.5 MB.

Unloading 11 unused Assets to reduce memory usage. Loaded Objects now: 2477.
Total: 3.341800 ms (FindLiveObjects: 0.341700 ms CreateObjectMapping: 0.141900 ms MarkObjects: 2.688500 ms  DeleteObjects: 0.167900 ms)

AssetImportWorkerClient::OnTransportError - code=2 error=End of file
