Using pre-set license
Built from '2020.3/staging' branch; Version is '2020.3.0f1 (c7b5465681fb) revision 13088070'; Using compiler version '192528614'; Build Type 'Release'
OS: 'Windows 10 Pro; OS build 18362.535; Version 1903; 64bit' Language: 'fr' Physical Memory: 8092 MB
BatchMode: 1, IsHumanControllingUs: 0, StartBugReporterOnCrash: 0, Is64bit: 1, IsPro: 0

 COMMAND LINE ARGUMENTS:
C:\Program Files\Unity\Editor\Unity.exe
-adb2
-batchMode
-noUpm
-name
AssetImportWorker7
-projectPath
C:/Users/Mouhamadou Gaye/Documents/GitHub/MegafunAmpGame
-logFile
Logs/AssetImportWorker7.log
-srvPort
52647
Successfully changed project path to: C:/Users/Mouhamadou Gaye/Documents/GitHub/MegafunAmpGame
C:/Users/Mouhamadou Gaye/Documents/GitHub/MegafunAmpGame
Using Asset Import Pipeline V2.
Refreshing native plugins compatible for Editor in 62.91 ms, found 1 plugins.
Preloading 0 native plugins for Editor in 0.00 ms.
Initialize engine version: 2020.3.0f1 (c7b5465681fb)
[Subsystems] Discovering subsystems at path C:/Program Files/Unity/Editor/Data/Resources/UnitySubsystems
[Subsystems] Discovering subsystems at path C:/Users/Mouhamadou Gaye/Documents/GitHub/MegafunAmpGame/Assets
GfxDevice: creating device client; threaded=0
